0 info it worked if it ends with ok
1 verbose cli [ 'C:\\Program Files\\nodejs\\node.exe',
1 verbose cli   'C:\\Program Files\\nodejs\\node_modules\\npm\\bin\\npm-cli.js',
1 verbose cli   'install',
1 verbose cli   'facebook.js' ]
2 info using npm@3.10.8
3 info using node@v6.9.1
4 silly loadCurrentTree Starting
5 silly install loadCurrentTree
6 silly install readLocalPackageData
7 silly fetchPackageMetaData facebook.js
8 silly fetchOtherPackageData facebook.js
9 silly cache add args [ 'facebook.js', null ]
10 verbose cache add spec facebook.js
11 silly cache add parsed spec Result {
11 silly cache add   raw: 'facebook.js',
11 silly cache add   scope: null,
11 silly cache add   escapedName: 'facebook.js',
11 silly cache add   name: null,
11 silly cache add   rawSpec: 'facebook.js',
11 silly cache add   spec: 'H:\\Martina\\Daten\\GitHub\\258CallTheBot\\facebook.js',
11 silly cache add   type: 'local' }
12 silly addLocalTarball shasum (computed) d1a52a06f38db67998900b9d04aa0bb300b234e0
13 verbose addTmpTarball H:\Martina\Daten\GitHub\258CallTheBot\facebook.js not in flight; adding
14 verbose correctMkdir C:\Users\Martina\AppData\Roaming\npm-cache correctMkdir not in flight; initializing
15 verbose addTmpTarball validating metadata from H:\Martina\Daten\GitHub\258CallTheBot\facebook.js
16 verbose tar unpack H:\Martina\Daten\GitHub\258CallTheBot\facebook.js
17 verbose tar unpacking to C:\Users\Martina\AppData\Local\Temp\npm-7596-a4356ec0\unpack-e4da7ec6
18 silly gentlyRm C:\Users\Martina\AppData\Local\Temp\npm-7596-a4356ec0\unpack-e4da7ec6 is being purged
19 verbose gentlyRm don't care about contents; nuking C:\Users\Martina\AppData\Local\Temp\npm-7596-a4356ec0\unpack-e4da7ec6
20 silly gunzTarPerm modes [ '777', '666' ]
21 error not a package H:\Martina\Daten\GitHub\258CallTheBot\facebook.js
22 error addLocal Could not install H:\Martina\Daten\GitHub\258CallTheBot\facebook.js
23 silly fetchPackageMetaData Error: ENOENT: no such file or directory, open 'C:\Users\Martina\AppData\Local\Temp\npm-7596-a4356ec0\unpack-e4da7ec6\package.json'
23 silly fetchPackageMetaData     at Error (native)
23 silly fetchPackageMetaData  error for facebook.js { Error: ENOENT: no such file or directory, open 'C:\Users\Martina\AppData\Local\Temp\npm-7596-a4356ec0\unpack-e4da7ec6\package.json'
23 silly fetchPackageMetaData     at Error (native)
23 silly fetchPackageMetaData   errno: -4058,
23 silly fetchPackageMetaData   code: 'ENOENT',
23 silly fetchPackageMetaData   syscall: 'open',
23 silly fetchPackageMetaData   path: 'C:\\Users\\Martina\\AppData\\Local\\Temp\\npm-7596-a4356ec0\\unpack-e4da7ec6\\package.json' }
24 silly rollbackFailedOptional Starting
25 silly rollbackFailedOptional Finishing
26 silly runTopLevelLifecycles Finishing
27 silly install printInstalled
28 verbose stack Error: ENOENT: no such file or directory, open 'C:\Users\Martina\AppData\Local\Temp\npm-7596-a4356ec0\unpack-e4da7ec6\package.json'
28 verbose stack     at Error (native)
29 verbose cwd H:\Martina\Daten\GitHub\258CallTheBot
30 error Windows_NT 10.0.14393
31 error argv "C:\\Program Files\\nodejs\\node.exe" "C:\\Program Files\\nodejs\\node_modules\\npm\\bin\\npm-cli.js" "install" "facebook.js"
32 error node v6.9.1
33 error npm  v3.10.8
34 error path C:\Users\Martina\AppData\Local\Temp\npm-7596-a4356ec0\unpack-e4da7ec6\package.json
35 error code ENOENT
36 error errno -4058
37 error syscall open
38 error enoent ENOENT: no such file or directory, open 'C:\Users\Martina\AppData\Local\Temp\npm-7596-a4356ec0\unpack-e4da7ec6\package.json'
39 error enoent ENOENT: no such file or directory, open 'C:\Users\Martina\AppData\Local\Temp\npm-7596-a4356ec0\unpack-e4da7ec6\package.json'
39 error enoent This is most likely not a problem with npm itself
39 error enoent and is related to npm not being able to find a file.
40 verbose exit [ -4058, true ]
